INFO    : PreTeXt project found in `/Users/aarongreicius/math220-2`.
INFO    : Note: No webwork elements found.
INFO    : Now generating sageplot images


INFO    : converting Sage diagrams from /Users/aarongreicius/math220-2/source/main.ptx to HTML graphics for placement in /Users/aarongreicius/math220-2/generated-assets/sageplot
INFO    : extracting Sage diagrams from /Users/aarongreicius/math220-2/source/main.ptx
INFO    : XSL conversion of /Users/aarongreicius/math220-2/source/main.ptx by /Users/aarongreicius/.ptx/xsl/extract-sageplot.xsl
INFO    : comprehensive messages, warnings, and errors:
INFO    : successful application of /Users/aarongreicius/.ptx/xsl/extract-sageplot.xsl
INFO    : converting Sage diagrams from /Users/aarongreicius/math220-2/source/main.ptx to SVG graphics for placement in /Users/aarongreicius/math220-2/generated-assets/sageplot
INFO    : extracting Sage diagrams from /Users/aarongreicius/math220-2/source/main.ptx
INFO    : XSL conversion of /Users/aarongreicius/math220-2/source/main.ptx by /Users/aarongreicius/.ptx/xsl/extract-sageplot.xsl
INFO    : comprehensive messages, warnings, and errors:
INFO    : successful application of /Users/aarongreicius/.ptx/xsl/extract-sageplot.xsl
INFO    : converting .sage to .sage.svg
ERROR   : [Errno 2] No such file or directory: '.sage.svg'
INFO    : ##################
ERROR   : Failed to generate some sageplot elements.  Check your source and partial output to diagnose the issue.
WARNING : Continuing...
INFO    : Removing temporary directory /var/folders/vf/249gtxvd4vx_hxghhwymxyq00000gr/T/tmp5v9o9b0w
INFO    : Removing temporary directory /var/folders/vf/249gtxvd4vx_hxghhwymxyq00000gr/T/tmpcr0b4ooq
INFO    : While running pretext, the following errors occurred:

